  [1m[35m (0.1ms)[0m  [1m[34mSELECT sqlite_version(*)[0m
  ↳ /Users/meeeeei/.rvm/gems/ruby-2.5.0/bin/rake:23
  [1m[35m (1.9ms)[0m  [1m[35mCREATE TABLE "schema_migrations" ("version" varchar NOT NULL PRIMARY KEY)[0m
  ↳ /Users/meeeeei/.rvm/gems/ruby-2.5.0/bin/rake:23
  [1m[35m (1.3ms)[0m  [1m[35mCREATE TABLE "ar_internal_metadata" ("key" varchar NOT NULL PRIMARY KEY, "value" varchar, "created_at" datetime NOT NULL, "updated_at" datetime NOT NULL)[0m
  ↳ /Users/meeeeei/.rvm/gems/ruby-2.5.0/bin/rake:23
  [1m[35m (0.2ms)[0m  [1m[34mSELECT "schema_migrations"."version" FROM "schema_migrations" ORDER BY "schema_migrations"."version" ASC[0m
  ↳ /Users/meeeeei/.rvm/gems/ruby-2.5.0/bin/rake:23
Migrating to CreatePosts (20180425061728)
  [1m[35m (0.1ms)[0m  [1m[36mbegin transaction[0m
  ↳ /Users/meeeeei/.rvm/gems/ruby-2.5.0/bin/rake:23
  [1m[35m (0.5ms)[0m  [1m[35mCREATE TABLE "posts" ("id" integer PRIMARY KEY AUTOINCREMENT NOT NULL, "title" varchar, "body" text, "created_at" datetime NOT NULL, "updated_at" datetime NOT NULL)[0m
  ↳ db/migrate/20180425061728_create_posts.rb:3
  [1m[36mActiveRecord::SchemaMigration Create (0.2ms)[0m  [1m[32mINSERT INTO "schema_migrations" ("version") VALUES (?)[0m  [["version", "20180425061728"]]
  ↳ /Users/meeeeei/.rvm/gems/ruby-2.5.0/bin/rake:23
  [1m[35m (0.9ms)[0m  [1m[36mcommit transaction[0m
  ↳ /Users/meeeeei/.rvm/gems/ruby-2.5.0/bin/rake:23
Migrating to CreateComments (20180425061809)
  [1m[35m (0.0ms)[0m  [1m[36mbegin transaction[0m
  ↳ /Users/meeeeei/.rvm/gems/ruby-2.5.0/bin/rake:23
  [1m[35m (0.3ms)[0m  [1m[35mCREATE TABLE "comments" ("id" integer PRIMARY KEY AUTOINCREMENT NOT NULL, "post_id" integer, "body" text, "created_at" datetime NOT NULL, "updated_at" datetime NOT NULL, CONSTRAINT "fk_rails_2fd19c0db7"
FOREIGN KEY ("post_id")
  REFERENCES "posts" ("id")
)[0m
  ↳ db/migrate/20180425061809_create_comments.rb:3
  [1m[35m (0.1ms)[0m  [1m[35mCREATE  INDEX "index_comments_on_post_id" ON "comments" ("post_id")[0m
  ↳ db/migrate/20180425061809_create_comments.rb:3
  [1m[36mActiveRecord::SchemaMigration Create (0.2ms)[0m  [1m[32mINSERT INTO "schema_migrations" ("version") VALUES (?)[0m  [["version", "20180425061809"]]
  ↳ /Users/meeeeei/.rvm/gems/ruby-2.5.0/bin/rake:23
  [1m[35m (0.9ms)[0m  [1m[36mcommit transaction[0m
  ↳ /Users/meeeeei/.rvm/gems/ruby-2.5.0/bin/rake:23
  [1m[36mActiveRecord::InternalMetadata Load (0.2ms)[0m  [1m[34mSELECT  "ar_internal_metadata".* FROM "ar_internal_metadata" WHERE "ar_internal_metadata"."key" = ? LIMIT ?[0m  [["key", "environment"], ["LIMIT", 1]]
  ↳ /Users/meeeeei/.rvm/gems/ruby-2.5.0/bin/rake:23
  [1m[35m (0.1ms)[0m  [1m[36mbegin transaction[0m
  ↳ /Users/meeeeei/.rvm/gems/ruby-2.5.0/bin/rake:23
  [1m[36mActiveRecord::InternalMetadata Create (0.7ms)[0m  [1m[32mINSERT INTO "ar_internal_metadata" ("key", "value", "created_at", "updated_at") VALUES (?, ?, ?, ?)[0m  [["key", "environment"], ["value", "development"], ["created_at", "2018-04-25 06:18:37.754675"], ["updated_at", "2018-04-25 06:18:37.754675"]]
  ↳ /Users/meeeeei/.rvm/gems/ruby-2.5.0/bin/rake:23
  [1m[35m (0.8ms)[0m  [1m[36mcommit transaction[0m
  ↳ /Users/meeeeei/.rvm/gems/ruby-2.5.0/bin/rake:23
  [1m[35m (0.1ms)[0m  [1m[34mSELECT "schema_migrations"."version" FROM "schema_migrations" ORDER BY "schema_migrations"."version" ASC[0m
  ↳ /Users/meeeeei/.rvm/gems/ruby-2.5.0/bin/rake:23
Started GET "/" for 127.0.0.1 at 2018-04-25 01:19:23 -0500
  [1m[35m (0.3ms)[0m  [1m[34mSELECT "schema_migrations"."version" FROM "schema_migrations" ORDER BY "schema_migrations"."version" ASC[0m
  ↳ /Users/meeeeei/.rvm/gems/ruby-2.5.0/gems/activerecord-5.2.0/lib/active_record/log_subscriber.rb:98
Processing by Rails::WelcomeController#index as HTML
  Rendering /Users/meeeeei/.rvm/gems/ruby-2.5.0/gems/railties-5.2.0/lib/rails/templates/rails/welcome/index.html.erb
  Rendered /Users/meeeeei/.rvm/gems/ruby-2.5.0/gems/railties-5.2.0/lib/rails/templates/rails/welcome/index.html.erb (13.0ms)
Completed 200 OK in 47ms (Views: 23.6ms | ActiveRecord: 0.0ms)


Started GET "/posts" for 127.0.0.1 at 2018-04-25 01:20:01 -0500
Processing by PostsController#index as HTML
  Rendering posts/index.html.erb within layouts/application
  [1m[36mPost Load (0.4ms)[0m  [1m[34mSELECT "posts".* FROM "posts"[0m
  ↳ app/views/posts/index.html.erb:15
  Rendered posts/index.html.erb within layouts/application (2.8ms)
Completed 200 OK in 539ms (Views: 531.0ms | ActiveRecord: 0.7ms)


Started GET "/posts/new" for 127.0.0.1 at 2018-04-25 01:20:05 -0500
Processing by PostsController#new as HTML
  Rendering posts/new.html.erb within layouts/application
  Rendered posts/_form.html.erb (28.4ms)
  Rendered posts/new.html.erb within layouts/application (34.6ms)
Completed 200 OK in 79ms (Views: 63.4ms | ActiveRecord: 0.6ms)


Started POST "/posts" for 127.0.0.1 at 2018-04-25 01:20:40 -0500
Processing by PostsController#create as HTML
  Parameters: {"utf8"=>"✓", "authenticity_token"=>"Do0oxHemAt2QC34vNp1JMeBFqGrY76TL0a000hUX8H8x4n0i9gfr8Y3mb6N3PYfp+YwRujbIpT2fhMJlbaIN1g==", "post"=>{"title"=>"Cloud Based Widgets", "body"=>"Blah, blah, blah"}, "commit"=>"Create Post"}
  [1m[35m (0.1ms)[0m  [1m[36mbegin transaction[0m
  ↳ app/controllers/posts_controller.rb:30
  [1m[36mPost Create (0.8ms)[0m  [1m[32mINSERT INTO "posts" ("title", "body", "created_at", "updated_at") VALUES (?, ?, ?, ?)[0m  [["title", "Cloud Based Widgets"], ["body", "Blah, blah, blah"], ["created_at", "2018-04-25 06:20:40.824681"], ["updated_at", "2018-04-25 06:20:40.824681"]]
  ↳ app/controllers/posts_controller.rb:30
  [1m[35m (0.9ms)[0m  [1m[36mcommit transaction[0m
  ↳ app/controllers/posts_controller.rb:30
Redirected to http://localhost:3000/posts/1
Completed 302 Found in 7ms (ActiveRecord: 1.8ms)


Started GET "/posts/1" for 127.0.0.1 at 2018-04-25 01:20:40 -0500
Processing by PostsController#show as HTML
  Parameters: {"id"=>"1"}
  [1m[36mPost Load (0.2ms)[0m  [1m[34mSELECT  "posts".* FROM "posts" WHERE "posts"."id" = ? LIMIT ?[0m  [["id", 1], ["LIMIT", 1]]
  ↳ app/controllers/posts_controller.rb:67
  Rendering posts/show.html.erb within layouts/application
  Rendered posts/show.html.erb within layouts/application (0.7ms)
Completed 200 OK in 34ms (Views: 26.3ms | ActiveRecord: 0.2ms)


Started GET "/posts" for 127.0.0.1 at 2018-04-25 01:20:46 -0500
Processing by PostsController#index as HTML
  Rendering posts/index.html.erb within layouts/application
  [1m[36mPost Load (0.2ms)[0m  [1m[34mSELECT "posts".* FROM "posts"[0m
  ↳ app/views/posts/index.html.erb:15
  Rendered posts/index.html.erb within layouts/application (4.5ms)
Completed 200 OK in 46ms (Views: 41.3ms | ActiveRecord: 0.2ms)


Started GET "/comments" for 127.0.0.1 at 2018-04-25 01:21:12 -0500
Processing by CommentsController#index as HTML
  Rendering comments/index.html.erb within layouts/application
  [1m[36mComment Load (0.3ms)[0m  [1m[34mSELECT "comments".* FROM "comments"[0m
  ↳ app/views/comments/index.html.erb:15
  Rendered comments/index.html.erb within layouts/application (3.1ms)
Completed 200 OK in 39ms (Views: 28.4ms | ActiveRecord: 0.6ms)


Started GET "/comments/new" for 127.0.0.1 at 2018-04-25 01:21:13 -0500
Processing by CommentsController#new as HTML
  Rendering comments/new.html.erb within layouts/application
  Rendered comments/_form.html.erb (2.6ms)
  Rendered comments/new.html.erb within layouts/application (6.4ms)
Completed 200 OK in 52ms (Views: 37.4ms | ActiveRecord: 0.7ms)


Started POST "/comments" for 127.0.0.1 at 2018-04-25 01:21:35 -0500
Processing by CommentsController#create as HTML
  Parameters: {"utf8"=>"✓", "authenticity_token"=>"QGcGpTqfiO3G8PAWUPD9qkEej//O8pMTfXi/YxQDJjC06Xp8jSPPB8eIYf0oWMpisQAoNPRQNH5HsHOuWML1lw==", "comment"=>{"post_id"=>"1", "body"=>"This is great!"}, "commit"=>"Create Comment"}
  [1m[35m (0.2ms)[0m  [1m[36mbegin transaction[0m
  ↳ app/controllers/comments_controller.rb:30
  [1m[36mPost Load (0.1ms)[0m  [1m[34mSELECT  "posts".* FROM "posts" WHERE "posts"."id" = ? LIMIT ?[0m  [["id", 1], ["LIMIT", 1]]
  ↳ app/controllers/comments_controller.rb:30
  [1m[36mComment Create (0.5ms)[0m  [1m[32mINSERT INTO "comments" ("post_id", "body", "created_at", "updated_at") VALUES (?, ?, ?, ?)[0m  [["post_id", 1], ["body", "This is great!"], ["created_at", "2018-04-25 06:21:35.139967"], ["updated_at", "2018-04-25 06:21:35.139967"]]
  ↳ app/controllers/comments_controller.rb:30
  [1m[35m (1.2ms)[0m  [1m[36mcommit transaction[0m
  ↳ app/controllers/comments_controller.rb:30
Redirected to http://localhost:3000/comments/1
Completed 302 Found in 30ms (ActiveRecord: 2.0ms)


Started GET "/comments/1" for 127.0.0.1 at 2018-04-25 01:21:35 -0500
Processing by CommentsController#show as HTML
  Parameters: {"id"=>"1"}
  [1m[36mComment Load (0.2ms)[0m  [1m[34mSELECT  "comments".* FROM "comments" WHERE "comments"."id" = ? LIMIT ?[0m  [["id", 1], ["LIMIT", 1]]
  ↳ app/controllers/comments_controller.rb:67
  Rendering comments/show.html.erb within layouts/application
  [1m[36mPost Load (0.1ms)[0m  [1m[34mSELECT  "posts".* FROM "posts" WHERE "posts"."id" = ? LIMIT ?[0m  [["id", 1], ["LIMIT", 1]]
  ↳ app/views/comments/show.html.erb:5
  Rendered comments/show.html.erb within layouts/application (2.0ms)
Completed 200 OK in 30ms (Views: 24.9ms | ActiveRecord: 0.3ms)


Started GET "/comments" for 127.0.0.1 at 2018-04-25 01:21:36 -0500
Processing by CommentsController#index as HTML
  Rendering comments/index.html.erb within layouts/application
  [1m[36mComment Load (0.2ms)[0m  [1m[34mSELECT "comments".* FROM "comments"[0m
  ↳ app/views/comments/index.html.erb:15
  [1m[36mPost Load (0.1ms)[0m  [1m[34mSELECT  "posts".* FROM "posts" WHERE "posts"."id" = ? LIMIT ?[0m  [["id", 1], ["LIMIT", 1]]
  ↳ app/views/comments/index.html.erb:17
  Rendered comments/index.html.erb within layouts/application (3.6ms)
Completed 200 OK in 44ms (Views: 38.9ms | ActiveRecord: 0.4ms)


  [1m[35m (0.4ms)[0m  [1m[34mSELECT "schema_migrations"."version" FROM "schema_migrations" ORDER BY "schema_migrations"."version" ASC[0m
  ↳ /Users/meeeeei/.rvm/gems/ruby-2.5.0/bin/rake:23
  [1m[35m (0.4ms)[0m  [1m[34mSELECT "schema_migrations"."version" FROM "schema_migrations" ORDER BY "schema_migrations"."version" ASC[0m
  ↳ /Users/meeeeei/.rvm/gems/ruby-2.5.0/bin/rake:23
  [1m[35m (0.3ms)[0m  [1m[34mSELECT "schema_migrations"."version" FROM "schema_migrations" ORDER BY "schema_migrations"."version" ASC[0m
  ↳ /Users/meeeeei/.rvm/gems/ruby-2.5.0/bin/rake:23
  [1m[35m (0.5ms)[0m  [1m[34mSELECT "schema_migrations"."version" FROM "schema_migrations" ORDER BY "schema_migrations"."version" ASC[0m
  ↳ /Users/meeeeei/.rvm/gems/ruby-2.5.0/bin/rake:23
  [1m[35m (0.4ms)[0m  [1m[34mSELECT "ar_internal_metadata"."value" FROM "ar_internal_metadata" WHERE "ar_internal_metadata"."key" = ?[0m  [["key", "environment"]]
  ↳ /Users/meeeeei/.rvm/gems/ruby-2.5.0/bin/rake:23
  [1m[35m (0.1ms)[0m  [1m[34mSELECT "schema_migrations"."version" FROM "schema_migrations" ORDER BY "schema_migrations"."version" ASC[0m
  ↳ /Users/meeeeei/.rvm/gems/ruby-2.5.0/bin/rake:23
  [1m[35m (0.1ms)[0m  [1m[34mSELECT "ar_internal_metadata"."value" FROM "ar_internal_metadata" WHERE "ar_internal_metadata"."key" = ?[0m  [["key", "environment"]]
  ↳ /Users/meeeeei/.rvm/gems/ruby-2.5.0/bin/rake:23
  [1m[35m (0.1ms)[0m  [1m[34mSELECT "schema_migrations"."version" FROM "schema_migrations" ORDER BY "schema_migrations"."version" ASC[0m
  ↳ /Users/meeeeei/.rvm/gems/ruby-2.5.0/bin/rake:23
  [1m[35m (0.1ms)[0m  [1m[34mSELECT "ar_internal_metadata"."value" FROM "ar_internal_metadata" WHERE "ar_internal_metadata"."key" = ?[0m  [["key", "environment"]]
  ↳ /Users/meeeeei/.rvm/gems/ruby-2.5.0/bin/rake:23
  [1m[35m (0.1ms)[0m  [1m[35mDROP TABLE IF EXISTS "comments"[0m
  ↳ db/schema.rb:15
  [1m[35m (0.1ms)[0m  [1m[34mSELECT sqlite_version(*)[0m
  ↳ db/schema.rb:15
  [1m[35m (2.4ms)[0m  [1m[35mCREATE TABLE "comments" ("id" integer PRIMARY KEY AUTOINCREMENT NOT NULL, "post_id" integer, "body" text, "created_at" datetime NOT NULL, "updated_at" datetime NOT NULL)[0m
  ↳ db/schema.rb:15
  [1m[35m (1.5ms)[0m  [1m[35mCREATE  INDEX "index_comments_on_post_id" ON "comments" ("post_id")[0m
  ↳ db/schema.rb:15
  [1m[35m (0.2ms)[0m  [1m[35mDROP TABLE IF EXISTS "posts"[0m
  ↳ db/schema.rb:23
  [1m[35m (1.3ms)[0m  [1m[35mCREATE TABLE "posts" ("id" integer PRIMARY KEY AUTOINCREMENT NOT NULL, "title" varchar, "body" text, "created_at" datetime NOT NULL, "updated_at" datetime NOT NULL)[0m
  ↳ db/schema.rb:23
  [1m[35m (1.3ms)[0m  [1m[35mCREATE TABLE "schema_migrations" ("version" varchar NOT NULL PRIMARY KEY)[0m
  ↳ db/schema.rb:13
  [1m[35m (0.2ms)[0m  [1m[34mSELECT "schema_migrations"."version" FROM "schema_migrations" ORDER BY "schema_migrations"."version" ASC[0m
  ↳ db/schema.rb:13
  [1m[35m (1.5ms)[0m  [1m[32mINSERT INTO "schema_migrations" (version) VALUES (20180425061809)[0m
  ↳ db/schema.rb:13
  [1m[35m (1.4ms)[0m  [1m[32mINSERT INTO "schema_migrations" (version) VALUES
(20180425061728);

[0m
  ↳ db/schema.rb:13
  [1m[35m (1.3ms)[0m  [1m[35mCREATE TABLE "ar_internal_metadata" ("key" varchar NOT NULL PRIMARY KEY, "value" varchar, "created_at" datetime NOT NULL, "updated_at" datetime NOT NULL)[0m
  ↳ db/schema.rb:13
  [1m[36mActiveRecord::InternalMetadata Load (0.9ms)[0m  [1m[34mSELECT  "ar_internal_metadata".* FROM "ar_internal_metadata" WHERE "ar_internal_metadata"."key" = ? LIMIT ?[0m  [["key", "environment"], ["LIMIT", 1]]
  ↳ db/schema.rb:13
  [1m[35m (0.1ms)[0m  [1m[36mbegin transaction[0m
  ↳ db/schema.rb:13
  [1m[36mActiveRecord::InternalMetadata Create (0.5ms)[0m  [1m[32mINSERT INTO "ar_internal_metadata" ("key", "value", "created_at", "updated_at") VALUES (?, ?, ?, ?)[0m  [["key", "environment"], ["value", "development"], ["created_at", "2018-04-25 07:31:40.074224"], ["updated_at", "2018-04-25 07:31:40.074224"]]
  ↳ db/schema.rb:13
  [1m[35m (1.1ms)[0m  [1m[36mcommit transaction[0m
  ↳ db/schema.rb:13
  [1m[36mActiveRecord::InternalMetadata Load (0.5ms)[0m  [1m[34mSELECT  "ar_internal_metadata".* FROM "ar_internal_metadata" WHERE "ar_internal_metadata"."key" = ? LIMIT ?[0m  [["key", "environment"], ["LIMIT", 1]]
  ↳ /Users/meeeeei/.rvm/gems/ruby-2.5.0/bin/rake:23
  [1m[35m (0.1ms)[0m  [1m[36mbegin transaction[0m
  ↳ /Users/meeeeei/.rvm/gems/ruby-2.5.0/bin/rake:23
  [1m[36mActiveRecord::InternalMetadata Update (1.4ms)[0m  [1m[33mUPDATE "ar_internal_metadata" SET "value" = ?, "updated_at" = ? WHERE "ar_internal_metadata"."key" = ?[0m  [["value", "test"], ["updated_at", "2018-04-25 07:31:40.083504"], ["key", "environment"]]
  ↳ /Users/meeeeei/.rvm/gems/ruby-2.5.0/bin/rake:23
  [1m[35m (0.9ms)[0m  [1m[36mcommit transaction[0m
  ↳ /Users/meeeeei/.rvm/gems/ruby-2.5.0/bin/rake:23
  [1m[35m (0.4ms)[0m  [1m[34mSELECT "schema_migrations"."version" FROM "schema_migrations" ORDER BY "schema_migrations"."version" ASC[0m
  ↳ /Users/meeeeei/.rvm/gems/ruby-2.5.0/bin/annotate:23
  [1m[36mPost Load (1.1ms)[0m  [1m[34mSELECT  "posts".* FROM "posts" LIMIT ?[0m  [["LIMIT", 11]]
  [1m[35m (0.1ms)[0m  [1m[36mbegin transaction[0m
  [1m[36mPost Create (0.8ms)[0m  [1m[32mINSERT INTO "posts" ("title", "created_at", "updated_at") VALUES (?, ?, ?)[0m  [["title", "Wii Widget"], ["created_at", "2018-04-25 08:35:44.823400"], ["updated_at", "2018-04-25 08:35:44.823400"]]
  [1m[35m (0.8ms)[0m  [1m[36mcommit transaction[0m
  [1m[35m (0.4ms)[0m  [1m[34mSELECT "schema_migrations"."version" FROM "schema_migrations" ORDER BY "schema_migrations"."version" ASC[0m
  ↳ /Users/meeeeei/.rvm/gems/ruby-2.5.0/bin/rake:23
Migrating to CreateUsers (20180425185434)
  [1m[35m (0.1ms)[0m  [1m[36mbegin transaction[0m
  ↳ /Users/meeeeei/.rvm/gems/ruby-2.5.0/bin/rake:23
  [1m[35m (0.5ms)[0m  [1m[34mSELECT sqlite_version(*)[0m
  ↳ db/migrate/20180425185434_create_users.rb:3
  [1m[35m (0.5ms)[0m  [1m[35mCREATE TABLE "users" ("id" integer PRIMARY KEY AUTOINCREMENT NOT NULL, "first_name" varchar, "last_name" varchar, "created_at" datetime NOT NULL, "updated_at" datetime NOT NULL)[0m
  ↳ db/migrate/20180425185434_create_users.rb:3
  [1m[36mActiveRecord::SchemaMigration Create (0.5ms)[0m  [1m[32mINSERT INTO "schema_migrations" ("version") VALUES (?)[0m  [["version", "20180425185434"]]
  ↳ /Users/meeeeei/.rvm/gems/ruby-2.5.0/bin/rake:23
  [1m[35m (1.0ms)[0m  [1m[36mcommit transaction[0m
  ↳ /Users/meeeeei/.rvm/gems/ruby-2.5.0/bin/rake:23
Migrating to AddUseridToPosts (20180425185657)
  [1m[35m (0.1ms)[0m  [1m[36mbegin transaction[0m
  ↳ /Users/meeeeei/.rvm/gems/ruby-2.5.0/bin/rake:23
  [1m[35m (0.5ms)[0m  [1m[35mALTER TABLE "posts" ADD "user_id" integer[0m
  ↳ db/migrate/20180425185657_add_userid_to_posts.rb:3
  [1m[35m (0.4ms)[0m  [1m[35mCREATE  INDEX "index_posts_on_user_id" ON "posts" ("user_id")[0m
  ↳ db/migrate/20180425185657_add_userid_to_posts.rb:3
  [1m[36mActiveRecord::SchemaMigration Create (0.3ms)[0m  [1m[32mINSERT INTO "schema_migrations" ("version") VALUES (?)[0m  [["version", "20180425185657"]]
  ↳ /Users/meeeeei/.rvm/gems/ruby-2.5.0/bin/rake:23
  [1m[35m (1.0ms)[0m  [1m[36mcommit transaction[0m
  ↳ /Users/meeeeei/.rvm/gems/ruby-2.5.0/bin/rake:23
Migrating to AddUseridToComments (20180425185803)
  [1m[35m (0.1ms)[0m  [1m[36mbegin transaction[0m
  ↳ /Users/meeeeei/.rvm/gems/ruby-2.5.0/bin/rake:23
  [1m[35m (0.4ms)[0m  [1m[35mALTER TABLE "comments" ADD "user_id" integer[0m
  ↳ db/migrate/20180425185803_add_userid_to_comments.rb:3
  [1m[35m (0.4ms)[0m  [1m[35mCREATE  INDEX "index_comments_on_user_id" ON "comments" ("user_id")[0m
  ↳ db/migrate/20180425185803_add_userid_to_comments.rb:3
  [1m[36mActiveRecord::SchemaMigration Create (0.2ms)[0m  [1m[32mINSERT INTO "schema_migrations" ("version") VALUES (?)[0m  [["version", "20180425185803"]]
  ↳ /Users/meeeeei/.rvm/gems/ruby-2.5.0/bin/rake:23
  [1m[35m (0.9ms)[0m  [1m[36mcommit transaction[0m
  ↳ /Users/meeeeei/.rvm/gems/ruby-2.5.0/bin/rake:23
  [1m[36mActiveRecord::InternalMetadata Load (0.5ms)[0m  [1m[34mSELECT  "ar_internal_metadata".* FROM "ar_internal_metadata" WHERE "ar_internal_metadata"."key" = ? LIMIT ?[0m  [["key", "environment"], ["LIMIT", 1]]
  ↳ /Users/meeeeei/.rvm/gems/ruby-2.5.0/bin/rake:23
  [1m[35m (0.1ms)[0m  [1m[36mbegin transaction[0m
  ↳ /Users/meeeeei/.rvm/gems/ruby-2.5.0/bin/rake:23
  [1m[35m (0.0ms)[0m  [1m[36mcommit transaction[0m
  ↳ /Users/meeeeei/.rvm/gems/ruby-2.5.0/bin/rake:23
  [1m[35m (0.1ms)[0m  [1m[34mSELECT "schema_migrations"."version" FROM "schema_migrations" ORDER BY "schema_migrations"."version" ASC[0m
  ↳ /Users/meeeeei/.rvm/gems/ruby-2.5.0/bin/rake:23
Started GET "/" for 127.0.0.1 at 2018-04-25 14:02:20 -0500
  [1m[35m (0.2ms)[0m  [1m[34mSELECT "schema_migrations"."version" FROM "schema_migrations" ORDER BY "schema_migrations"."version" ASC[0m
  ↳ /Users/meeeeei/.rvm/gems/ruby-2.5.0/gems/activerecord-5.2.0/lib/active_record/log_subscriber.rb:98
Processing by Rails::WelcomeController#index as HTML
  Rendering /Users/meeeeei/.rvm/gems/ruby-2.5.0/gems/railties-5.2.0/lib/rails/templates/rails/welcome/index.html.erb
  Rendered /Users/meeeeei/.rvm/gems/ruby-2.5.0/gems/railties-5.2.0/lib/rails/templates/rails/welcome/index.html.erb (5.0ms)
Completed 200 OK in 66ms (Views: 22.0ms | ActiveRecord: 0.0ms)


Started GET "/posts" for 127.0.0.1 at 2018-04-25 14:02:31 -0500
Processing by PostsController#index as HTML
  Rendering posts/index.html.erb within layouts/application
  [1m[36mPost Load (0.3ms)[0m  [1m[34mSELECT "posts".* FROM "posts"[0m
  ↳ app/views/posts/index.html.erb:15
  Rendered posts/index.html.erb within layouts/application (11.4ms)
Completed 200 OK in 367ms (Views: 358.3ms | ActiveRecord: 0.9ms)


Started GET "/comments" for 127.0.0.1 at 2018-04-25 14:02:38 -0500
Processing by CommentsController#index as HTML
  Rendering comments/index.html.erb within layouts/application
  [1m[36mComment Load (0.2ms)[0m  [1m[34mSELECT "comments".* FROM "comments"[0m
  ↳ app/views/comments/index.html.erb:15
  [1m[36mPost Load (0.2ms)[0m  [1m[34mSELECT  "posts".* FROM "posts" WHERE "posts"."id" = ? LIMIT ?[0m  [["id", 1], ["LIMIT", 1]]
  ↳ app/views/comments/index.html.erb:17
  Rendered comments/index.html.erb within layouts/application (17.2ms)
Completed 200 OK in 57ms (Views: 46.5ms | ActiveRecord: 1.0ms)


Started GET "/users" for 127.0.0.1 at 2018-04-25 14:03:22 -0500
Processing by UsersController#index as HTML
  Rendering users/index.html.erb within layouts/application
  [1m[36mUser Load (0.2ms)[0m  [1m[34mSELECT "users".* FROM "users"[0m
  ↳ app/views/users/index.html.erb:15
  Rendered users/index.html.erb within layouts/application (3.1ms)
Completed 200 OK in 33ms (Views: 28.8ms | ActiveRecord: 0.5ms)


  [1m[36mPost Load (0.9ms)[0m  [1m[34mSELECT  "posts".* FROM "posts" LIMIT ?[0m  [["LIMIT", 11]]
  [1m[36mPost Load (0.3ms)[0m  [1m[34mSELECT "posts".* FROM "posts"[0m
  [1m[36mComment Load (0.2ms)[0m  [1m[34mSELECT  "comments".* FROM "comments" WHERE "comments"."post_id" = ? LIMIT ?[0m  [["post_id", 1], ["LIMIT", 11]]
  [1m[35m (0.3ms)[0m  [1m[36mbegin transaction[0m
  [1m[36mPost Destroy (0.6ms)[0m  [1m[31mDELETE FROM "posts" WHERE "posts"."id" = ?[0m  [["id", 2]]
  [1m[35m (2.3ms)[0m  [1m[36mcommit transaction[0m
Started GET "/posts" for 127.0.0.1 at 2018-04-25 14:54:32 -0500
  [1m[35m (0.2ms)[0m  [1m[34mSELECT "schema_migrations"."version" FROM "schema_migrations" ORDER BY "schema_migrations"."version" ASC[0m
  ↳ /Users/meeeeei/.rvm/gems/ruby-2.5.0/gems/activerecord-5.2.0/lib/active_record/log_subscriber.rb:98
Processing by PostsController#index as HTML
Completed 500 Internal Server Error in 12ms (ActiveRecord: 0.0ms)


  
SyntaxError (/Users/meeeeei/Documents/rubyWorkspace/blog/app/models/post.rb:14: syntax error, unexpected tSYMBEG, expecting keyword_do or '{' or '('
...  belongs_to :user, dependent :destroy
...                              ^):
  
app/models/post.rb:14: syntax error, unexpected tSYMBEG, expecting keyword_do or '{' or '('
app/controllers/posts_controller.rb:7:in `index'
Started GET "/posts" for 127.0.0.1 at 2018-04-25 14:54:59 -0500
Started GET "/posts" for 127.0.0.1 at 2018-04-25 14:55:09 -0500
Processing by PostsController#index as HTML
  Rendering posts/index.html.erb within layouts/application
  [1m[36mPost Load (0.3ms)[0m  [1m[34mSELECT "posts".* FROM "posts"[0m
  ↳ app/views/posts/index.html.erb:15
  Rendered posts/index.html.erb within layouts/application (13.4ms)
Completed 200 OK in 494ms (Views: 475.9ms | ActiveRecord: 1.4ms)


Processing by PostsController#index as HTML
  Rendering posts/index.html.erb within layouts/application
  [1m[36mPost Load (0.5ms)[0m  [1m[34mSELECT "posts".* FROM "posts"[0m
  ↳ app/views/posts/index.html.erb:15
  Rendered posts/index.html.erb within layouts/application (9.3ms)
Completed 200 OK in 47ms (Views: 39.2ms | ActiveRecord: 1.1ms)


Started GET "/posts/new" for 127.0.0.1 at 2018-04-25 14:55:14 -0500
Processing by PostsController#new as HTML
  Rendering posts/new.html.erb within layouts/application
  Rendered posts/_form.html.erb (20.6ms)
  Rendered posts/new.html.erb within layouts/application (26.3ms)
Completed 200 OK in 78ms (Views: 71.4ms | ActiveRecord: 0.0ms)


Started POST "/posts" for 127.0.0.1 at 2018-04-25 14:55:19 -0500
Processing by PostsController#create as HTML
  Parameters: {"utf8"=>"✓", "authenticity_token"=>"3U3Kxwga7wZ6V7cmH2sh03E1XWVK2v/LWoI22eOlAsHiIp8hibsGKme6pqpey+8LaPzktaT9/j0Uq8BumxD/aA==", "post"=>{"title"=>"Oh.", "body"=>""}, "commit"=>"Create Post"}
  [1m[35m (0.1ms)[0m  [1m[36mbegin transaction[0m
  ↳ app/controllers/posts_controller.rb:30
  [1m[35m (0.1ms)[0m  [1m[31mrollback transaction[0m
  ↳ app/controllers/posts_controller.rb:30
  Rendering posts/new.html.erb within layouts/application
  Rendered posts/_form.html.erb (3.0ms)
  Rendered posts/new.html.erb within layouts/application (6.9ms)
Completed 200 OK in 50ms (Views: 38.2ms | ActiveRecord: 0.2ms)


Started GET "/posts" for 127.0.0.1 at 2018-04-25 14:55:21 -0500
Processing by PostsController#index as HTML
  Rendering posts/index.html.erb within layouts/application
  [1m[36mPost Load (0.4ms)[0m  [1m[34mSELECT "posts".* FROM "posts"[0m
  ↳ app/views/posts/index.html.erb:15
  Rendered posts/index.html.erb within layouts/application (2.4ms)
Completed 200 OK in 40ms (Views: 34.9ms | ActiveRecord: 0.4ms)


Started GET "/posts" for 127.0.0.1 at 2018-04-25 17:14:35 -0500
  [1m[35m (0.5ms)[0m  [1m[34mSELECT "schema_migrations"."version" FROM "schema_migrations" ORDER BY "schema_migrations"."version" ASC[0m
  ↳ lib/timer.rb:8
Processing by PostsController#index as HTML
  Rendering posts/index.html.erb within layouts/application
  [1m[36mPost Load (0.4ms)[0m  [1m[34mSELECT "posts".* FROM "posts"[0m
  ↳ app/views/posts/index.html.erb:15
  Rendered posts/index.html.erb within layouts/application (13.1ms)
Completed 200 OK in 360ms (Views: 329.5ms | ActiveRecord: 1.1ms)


Started GET "/" for 127.0.0.1 at 2018-04-25 17:18:42 -0500
Processing by Rails::WelcomeController#index as HTML
  Rendering /Users/meeeeei/.rvm/gems/ruby-2.5.0/gems/railties-5.2.0/lib/rails/templates/rails/welcome/index.html.erb
  Rendered /Users/meeeeei/.rvm/gems/ruby-2.5.0/gems/railties-5.2.0/lib/rails/templates/rails/welcome/index.html.erb (3.1ms)
Completed 200 OK in 12ms (Views: 7.0ms | ActiveRecord: 0.0ms)


Started GET "/" for 127.0.0.1 at 2018-04-25 18:09:58 -0500
Processing by Rails::WelcomeController#index as HTML
  Rendering /Users/meeeeei/.rvm/gems/ruby-2.5.0/gems/railties-5.2.0/lib/rails/templates/rails/welcome/index.html.erb
  Rendered /Users/meeeeei/.rvm/gems/ruby-2.5.0/gems/railties-5.2.0/lib/rails/templates/rails/welcome/index.html.erb (3.6ms)
Completed 200 OK in 15ms (Views: 9.1ms | ActiveRecord: 0.0ms)


Started GET "/posts/1" for 127.0.0.1 at 2018-04-25 18:10:06 -0500
Processing by PostsController#show as HTML
  Parameters: {"id"=>"1"}
  [1m[36mPost Load (0.3ms)[0m  [1m[34mSELECT  "posts".* FROM "posts" WHERE "posts"."id" = ? LIMIT ?[0m  [["id", 1], ["LIMIT", 1]]
  ↳ app/controllers/posts_controller.rb:67
  Rendering posts/show.html.erb within layouts/application
  Rendered posts/show.html.erb within layouts/application (0.8ms)
Completed 200 OK in 67ms (Views: 38.7ms | ActiveRecord: 0.3ms)


Started GET "/posts/1.json" for 127.0.0.1 at 2018-04-25 18:23:54 -0500
Processing by PostsController#show as JSON
  Parameters: {"id"=>"1"}
  [1m[36mPost Load (0.7ms)[0m  [1m[34mSELECT  "posts".* FROM "posts" WHERE "posts"."id" = ? LIMIT ?[0m  [["id", 1], ["LIMIT", 1]]
  ↳ app/controllers/posts_controller.rb:67
  Rendering posts/show.json.jbuilder
  Rendered posts/_post.json.jbuilder (1.5ms)
  Rendered posts/show.json.jbuilder (23.4ms)
Completed 200 OK in 40ms (Views: 35.4ms | ActiveRecord: 0.7ms)


Started GET "/posts/1.json" for 127.0.0.1 at 2018-04-26 03:00:36 -0500
  [1m[35m (0.3ms)[0m  [1m[34mSELECT "schema_migrations"."version" FROM "schema_migrations" ORDER BY "schema_migrations"."version" ASC[0m
  ↳ lib/timer.rb:8
Processing by PostsController#show as JSON
  Parameters: {"id"=>"1"}
  [1m[36mPost Load (0.4ms)[0m  [1m[34mSELECT  "posts".* FROM "posts" WHERE "posts"."id" = ? LIMIT ?[0m  [["id", 1], ["LIMIT", 1]]
  ↳ app/controllers/posts_controller.rb:67
  Rendering posts/show.json.jbuilder
  Rendered posts/_post.json.jbuilder (1.0ms)
  Rendered posts/show.json.jbuilder (4.8ms)
Completed 200 OK in 49ms (Views: 16.4ms | ActiveRecord: 1.1ms)


Started GET "/posts" for 127.0.0.1 at 2018-04-26 03:00:42 -0500
Processing by PostsController#index as HTML
  Rendering posts/index.html.erb within layouts/application
  [1m[36mPost Load (0.2ms)[0m  [1m[34mSELECT "posts".* FROM "posts"[0m
  ↳ app/views/posts/index.html.erb:15
  Rendered posts/index.html.erb within layouts/application (3.7ms)
Completed 200 OK in 315ms (Views: 311.5ms | ActiveRecord: 0.2ms)


Started GET "/posts/1" for 127.0.0.1 at 2018-04-26 03:00:45 -0500
Processing by PostsController#show as HTML
  Parameters: {"id"=>"1"}
  [1m[36mPost Load (0.2ms)[0m  [1m[34mSELECT  "posts".* FROM "posts" WHERE "posts"."id" = ? LIMIT ?[0m  [["id", 1], ["LIMIT", 1]]
  ↳ app/controllers/posts_controller.rb:67
  Rendering posts/show.html.erb within layouts/application
  Rendered posts/show.html.erb within layouts/application (1.6ms)
Completed 200 OK in 62ms (Views: 57.8ms | ActiveRecord: 0.2ms)


Started GET "/posts" for 127.0.0.1 at 2018-04-26 03:00:48 -0500
Processing by PostsController#index as HTML
  Rendering posts/index.html.erb within layouts/application
  [1m[36mPost Load (0.3ms)[0m  [1m[34mSELECT "posts".* FROM "posts"[0m
  ↳ app/views/posts/index.html.erb:15
  Rendered posts/index.html.erb within layouts/application (2.9ms)
Completed 200 OK in 51ms (Views: 45.8ms | ActiveRecord: 0.3ms)


Started GET "/posts" for 127.0.0.1 at 2018-04-26 03:10:46 -0500
Processing by PostsController#index as HTML
  Rendering posts/index.html.erb within layouts/application
  [1m[36mPost Load (0.2ms)[0m  [1m[34mSELECT "posts".* FROM "posts"[0m
  ↳ app/views/posts/index.html.erb:15
  Rendered posts/index.html.erb within layouts/application (1.7ms)
Completed 200 OK in 27ms (Views: 24.6ms | ActiveRecord: 0.2ms)


Started GET "/posts" for 127.0.0.1 at 2018-04-26 03:10:50 -0500
Processing by PostsController#index as HTML
  Rendering posts/index.html.erb within layouts/application
  [1m[36mPost Load (0.1ms)[0m  [1m[34mSELECT "posts".* FROM "posts"[0m
  ↳ app/views/posts/index.html.erb:15
  Rendered posts/index.html.erb within layouts/application (1.4ms)
Completed 200 OK in 34ms (Views: 29.4ms | ActiveRecord: 0.1ms)


Started GET "/posts/1" for 127.0.0.1 at 2018-04-26 03:11:00 -0500
Processing by PostsController#show as HTML
  Parameters: {"id"=>"1"}
  [1m[36mPost Load (0.2ms)[0m  [1m[34mSELECT  "posts".* FROM "posts" WHERE "posts"."id" = ? LIMIT ?[0m  [["id", 1], ["LIMIT", 1]]
  ↳ app/controllers/posts_controller.rb:67
  Rendering posts/show.html.erb within layouts/application
  Rendered posts/show.html.erb within layouts/application (0.7ms)
Completed 200 OK in 38ms (Views: 34.0ms | ActiveRecord: 0.2ms)


Started GET "/posts" for 127.0.0.1 at 2018-04-26 03:11:04 -0500
Processing by PostsController#index as HTML
  Rendering posts/index.html.erb within layouts/application
  [1m[36mPost Load (0.2ms)[0m  [1m[34mSELECT "posts".* FROM "posts"[0m
  ↳ app/views/posts/index.html.erb:15
  Rendered posts/index.html.erb within layouts/application (2.3ms)
Completed 200 OK in 46ms (Views: 42.1ms | ActiveRecord: 0.2ms)


Started GET "/posts" for 127.0.0.1 at 2018-04-26 03:11:10 -0500
Processing by PostsController#index as HTML
  Rendering posts/index.html.erb within layouts/application
  [1m[36mPost Load (0.2ms)[0m  [1m[34mSELECT "posts".* FROM "posts"[0m
  ↳ app/views/posts/index.html.erb:15
  Rendered posts/index.html.erb within layouts/application (2.0ms)
Completed 200 OK in 36ms (Views: 32.5ms | ActiveRecord: 0.2ms)


Started GET "/comments" for 127.0.0.1 at 2018-04-26 03:11:16 -0500
Processing by CommentsController#index as HTML
  Rendering comments/index.html.erb within layouts/application
  [1m[36mComment Load (0.6ms)[0m  [1m[34mSELECT "comments".* FROM "comments"[0m
  ↳ app/views/comments/index.html.erb:15
  [1m[36mPost Load (0.1ms)[0m  [1m[34mSELECT  "posts".* FROM "posts" WHERE "posts"."id" = ? LIMIT ?[0m  [["id", 1], ["LIMIT", 1]]
  ↳ app/views/comments/index.html.erb:17
  Rendered comments/index.html.erb within layouts/application (16.3ms)
Completed 200 OK in 48ms (Views: 40.8ms | ActiveRecord: 1.4ms)


Started GET "/comments/1/edit" for 127.0.0.1 at 2018-04-26 03:11:21 -0500
Processing by CommentsController#edit as HTML
  Parameters: {"id"=>"1"}
  [1m[36mComment Load (0.3ms)[0m  [1m[34mSELECT  "comments".* FROM "comments" WHERE "comments"."id" = ? LIMIT ?[0m  [["id", 1], ["LIMIT", 1]]
  ↳ app/controllers/comments_controller.rb:67
  Rendering comments/edit.html.erb within layouts/application
  Rendered comments/_form.html.erb (10.3ms)
  Rendered comments/edit.html.erb within layouts/application (14.8ms)
Completed 200 OK in 51ms (Views: 44.1ms | ActiveRecord: 0.3ms)


Started PATCH "/comments/1" for 127.0.0.1 at 2018-04-26 03:11:25 -0500
Processing by CommentsController#update as HTML
  Parameters: {"utf8"=>"✓", "authenticity_token"=>"GxIR3jrNDkqJLpASi7i0FXfyqxyUFJj3mRoDmq1DJ2gXmlIsAljKFTRkGjmlgBwjSX60TCh/keQYr8D2fpJPkA==", "comment"=>{"post_id"=>"1", "body"=>"This is great!"}, "commit"=>"Update Comment", "id"=>"1"}
  [1m[36mComment Load (0.2ms)[0m  [1m[34mSELECT  "comments".* FROM "comments" WHERE "comments"."id" = ? LIMIT ?[0m  [["id", 1], ["LIMIT", 1]]
  ↳ app/controllers/comments_controller.rb:67
  [1m[35m (0.1ms)[0m  [1m[36mbegin transaction[0m
  ↳ app/controllers/comments_controller.rb:44
  [1m[36mPost Load (0.1ms)[0m  [1m[34mSELECT  "posts".* FROM "posts" WHERE "posts"."id" = ? LIMIT ?[0m  [["id", 1], ["LIMIT", 1]]
  ↳ app/controllers/comments_controller.rb:44
  [1m[35m (0.1ms)[0m  [1m[31mrollback transaction[0m
  ↳ app/controllers/comments_controller.rb:44
  Rendering comments/edit.html.erb within layouts/application
  Rendered comments/_form.html.erb (2.6ms)
  Rendered comments/edit.html.erb within layouts/application (6.7ms)
Completed 200 OK in 44ms (Views: 34.6ms | ActiveRecord: 0.5ms)


Started GET "/comments" for 127.0.0.1 at 2018-04-26 03:11:32 -0500
Processing by CommentsController#index as HTML
  Rendering comments/index.html.erb within layouts/application
  [1m[36mComment Load (0.3ms)[0m  [1m[34mSELECT "comments".* FROM "comments"[0m
  ↳ app/views/comments/index.html.erb:15
  [1m[36mPost Load (0.2ms)[0m  [1m[34mSELECT  "posts".* FROM "posts" WHERE "posts"."id" = ? LIMIT ?[0m  [["id", 1], ["LIMIT", 1]]
  ↳ app/views/comments/index.html.erb:17
  Rendered comments/index.html.erb within layouts/application (4.5ms)
Completed 200 OK in 61ms (Views: 54.6ms | ActiveRecord: 0.4ms)


Started GET "/users" for 127.0.0.1 at 2018-04-26 03:11:41 -0500
Processing by UsersController#index as HTML
  Rendering users/index.html.erb within layouts/application
  [1m[36mUser Load (0.5ms)[0m  [1m[34mSELECT "users".* FROM "users"[0m
  ↳ app/views/users/index.html.erb:15
  Rendered users/index.html.erb within layouts/application (2.8ms)
Completed 200 OK in 41ms (Views: 36.3ms | ActiveRecord: 0.8ms)


Started GET "/users/new" for 127.0.0.1 at 2018-04-26 03:11:43 -0500
Processing by UsersController#new as HTML
  Rendering users/new.html.erb within layouts/application
  Rendered users/_form.html.erb (2.7ms)
  Rendered users/new.html.erb within layouts/application (6.2ms)
Completed 200 OK in 51ms (Views: 38.9ms | ActiveRecord: 0.4ms)


Started POST "/users" for 127.0.0.1 at 2018-04-26 03:11:54 -0500
Processing by UsersController#create as HTML
  Parameters: {"utf8"=>"✓", "authenticity_token"=>"v5wqzWhk01QNbcMvSmwXyz+ecdbWosjIaN78F4jOlqIqupjEd5VuMjwrhyU1wFRPv/pQYU85JyHnebWx6+8u0g==", "user"=>{"first_name"=>"Alex", "last_name"=>"Ting"}, "commit"=>"Create User"}
  [1m[35m (0.1ms)[0m  [1m[36mbegin transaction[0m
  ↳ app/controllers/users_controller.rb:30
  [1m[36mUser Create (0.9ms)[0m  [1m[32mINSERT INTO "users" ("first_name", "last_name", "created_at", "updated_at") VALUES (?, ?, ?, ?)[0m  [["first_name", "Alex"], ["last_name", "Ting"], ["created_at", "2018-04-26 08:11:54.171107"], ["updated_at", "2018-04-26 08:11:54.171107"]]
  ↳ app/controllers/users_controller.rb:30
  [1m[35m (1.6ms)[0m  [1m[36mcommit transaction[0m
  ↳ app/controllers/users_controller.rb:30
Redirected to http://localhost:3000/users/1
Completed 302 Found in 7ms (ActiveRecord: 2.5ms)


Started GET "/users/1" for 127.0.0.1 at 2018-04-26 03:11:54 -0500
Processing by UsersController#show as HTML
  Parameters: {"id"=>"1"}
  [1m[36mUser Load (0.5ms)[0m  [1m[34mSELECT  "users".* FROM "users" WHERE "users"."id" = ? LIMIT ?[0m  [["id", 1], ["LIMIT", 1]]
  ↳ app/controllers/users_controller.rb:67
  Rendering users/show.html.erb within layouts/application
  Rendered users/show.html.erb within layouts/application (0.9ms)
Completed 200 OK in 37ms (Views: 30.6ms | ActiveRecord: 0.5ms)


Started GET "/users" for 127.0.0.1 at 2018-04-26 03:12:00 -0500
Processing by UsersController#index as HTML
  Rendering users/index.html.erb within layouts/application
  [1m[36mUser Load (0.2ms)[0m  [1m[34mSELECT "users".* FROM "users"[0m
  ↳ app/views/users/index.html.erb:15
  Rendered users/index.html.erb within layouts/application (2.9ms)
Completed 200 OK in 41ms (Views: 37.3ms | ActiveRecord: 0.2ms)


Started GET "/comments" for 127.0.0.1 at 2018-04-26 03:12:05 -0500
Processing by CommentsController#index as HTML
  Rendering comments/index.html.erb within layouts/application
  [1m[36mComment Load (0.2ms)[0m  [1m[34mSELECT "comments".* FROM "comments"[0m
  ↳ app/views/comments/index.html.erb:15
  [1m[36mPost Load (0.2ms)[0m  [1m[34mSELECT  "posts".* FROM "posts" WHERE "posts"."id" = ? LIMIT ?[0m  [["id", 1], ["LIMIT", 1]]
  ↳ app/views/comments/index.html.erb:17
  Rendered comments/index.html.erb within layouts/application (3.1ms)
Completed 200 OK in 34ms (Views: 30.6ms | ActiveRecord: 0.4ms)


Started GET "/comments/1/edit" for 127.0.0.1 at 2018-04-26 03:12:07 -0500
Processing by CommentsController#edit as HTML
  Parameters: {"id"=>"1"}
  [1m[36mComment Load (0.2ms)[0m  [1m[34mSELECT  "comments".* FROM "comments" WHERE "comments"."id" = ? LIMIT ?[0m  [["id", 1], ["LIMIT", 1]]
  ↳ app/controllers/comments_controller.rb:67
  Rendering comments/edit.html.erb within layouts/application
  Rendered comments/_form.html.erb (3.0ms)
  Rendered comments/edit.html.erb within layouts/application (8.3ms)
Completed 200 OK in 44ms (Views: 39.1ms | ActiveRecord: 0.2ms)


Started GET "/comments" for 127.0.0.1 at 2018-04-26 03:12:12 -0500
Processing by CommentsController#index as HTML
  Rendering comments/index.html.erb within layouts/application
  [1m[36mComment Load (0.4ms)[0m  [1m[34mSELECT "comments".* FROM "comments"[0m
  ↳ app/views/comments/index.html.erb:15
  [1m[36mPost Load (0.2ms)[0m  [1m[34mSELECT  "posts".* FROM "posts" WHERE "posts"."id" = ? LIMIT ?[0m  [["id", 1], ["LIMIT", 1]]
  ↳ app/views/comments/index.html.erb:17
  Rendered comments/index.html.erb within layouts/application (5.5ms)
Completed 200 OK in 50ms (Views: 45.7ms | ActiveRecord: 0.6ms)


Started GET "/comments/new" for 127.0.0.1 at 2018-04-26 03:12:19 -0500
Processing by CommentsController#new as HTML
  Rendering comments/new.html.erb within layouts/application
  Rendered comments/_form.html.erb (2.5ms)
  Rendered comments/new.html.erb within layouts/application (5.6ms)
Completed 200 OK in 42ms (Views: 36.7ms | ActiveRecord: 0.0ms)


Started GET "/comments" for 127.0.0.1 at 2018-04-26 03:12:21 -0500
Processing by CommentsController#index as HTML
  Rendering comments/index.html.erb within layouts/application
  [1m[36mComment Load (0.2ms)[0m  [1m[34mSELECT "comments".* FROM "comments"[0m
  ↳ app/views/comments/index.html.erb:15
  [1m[36mPost Load (0.1ms)[0m  [1m[34mSELECT  "posts".* FROM "posts" WHERE "posts"."id" = ? LIMIT ?[0m  [["id", 1], ["LIMIT", 1]]
  ↳ app/views/comments/index.html.erb:17
  Rendered comments/index.html.erb within layouts/application (3.1ms)
Completed 200 OK in 46ms (Views: 42.1ms | ActiveRecord: 0.3ms)


Started GET "/posts" for 127.0.0.1 at 2018-04-26 03:12:39 -0500
Processing by PostsController#index as HTML
  Rendering posts/index.html.erb within layouts/application
  [1m[36mPost Load (0.3ms)[0m  [1m[34mSELECT "posts".* FROM "posts"[0m
  ↳ app/views/posts/index.html.erb:15
  Rendered posts/index.html.erb within layouts/application (2.3ms)
Completed 200 OK in 42ms (Views: 38.2ms | ActiveRecord: 0.3ms)


Started GET "/posts/1" for 127.0.0.1 at 2018-04-26 03:12:42 -0500
Processing by PostsController#show as HTML
  Parameters: {"id"=>"1"}
  [1m[36mPost Load (0.2ms)[0m  [1m[34mSELECT  "posts".* FROM "posts" WHERE "posts"."id" = ? LIMIT ?[0m  [["id", 1], ["LIMIT", 1]]
  ↳ app/controllers/posts_controller.rb:67
  Rendering posts/show.html.erb within layouts/application
  Rendered posts/show.html.erb within layouts/application (0.8ms)
Completed 200 OK in 49ms (Views: 36.5ms | ActiveRecord: 0.2ms)


Started GET "/posts/1" for 127.0.0.1 at 2018-04-26 03:12:55 -0500
  [1m[35m (0.2ms)[0m  [1m[34mSELECT "schema_migrations"."version" FROM "schema_migrations" ORDER BY "schema_migrations"."version" ASC[0m
  ↳ lib/timer.rb:8
Processing by PostsController#show as HTML
  Parameters: {"id"=>"1"}
  [1m[36mPost Load (0.2ms)[0m  [1m[34mSELECT  "posts".* FROM "posts" WHERE "posts"."id" = ? LIMIT ?[0m  [["id", 1], ["LIMIT", 1]]
  ↳ app/controllers/posts_controller.rb:67
  Rendering posts/show.html.erb within layouts/application
  Rendered posts/show.html.erb within layouts/application (1.2ms)
Completed 200 OK in 268ms (Views: 241.8ms | ActiveRecord: 0.8ms)


Started GET "/posts/1" for 127.0.0.1 at 2018-04-26 03:12:58 -0500
Processing by PostsController#show as HTML
  Parameters: {"id"=>"1"}
  [1m[36mPost Load (0.1ms)[0m  [1m[34mSELECT  "posts".* FROM "posts" WHERE "posts"."id" = ? LIMIT ?[0m  [["id", 1], ["LIMIT", 1]]
  ↳ app/controllers/posts_controller.rb:67
  Rendering posts/show.html.erb within layouts/application
  Rendered posts/show.html.erb within layouts/application (0.9ms)
Completed 200 OK in 48ms (Views: 44.7ms | ActiveRecord: 0.1ms)


Started GET "/posts" for 127.0.0.1 at 2018-04-26 03:13:00 -0500
Processing by PostsController#index as HTML
  Rendering posts/index.html.erb within layouts/application
  [1m[36mPost Load (0.2ms)[0m  [1m[34mSELECT "posts".* FROM "posts"[0m
  ↳ app/views/posts/index.html.erb:15
  Rendered posts/index.html.erb within layouts/application (3.2ms)
Completed 200 OK in 41ms (Views: 37.0ms | ActiveRecord: 0.2ms)


Started GET "/posts/1" for 127.0.0.1 at 2018-04-26 03:13:01 -0500
Processing by PostsController#show as HTML
  Parameters: {"id"=>"1"}
  [1m[36mPost Load (0.2ms)[0m  [1m[34mSELECT  "posts".* FROM "posts" WHERE "posts"."id" = ? LIMIT ?[0m  [["id", 1], ["LIMIT", 1]]
  ↳ app/controllers/posts_controller.rb:67
  Rendering posts/show.html.erb within layouts/application
  Rendered posts/show.html.erb within layouts/application (0.8ms)
Completed 200 OK in 41ms (Views: 37.5ms | ActiveRecord: 0.2ms)


Started GET "/posts/1/edit" for 127.0.0.1 at 2018-04-26 03:13:14 -0500
Processing by PostsController#edit as HTML
  Parameters: {"id"=>"1"}
  [1m[36mPost Load (0.2ms)[0m  [1m[34mSELECT  "posts".* FROM "posts" WHERE "posts"."id" = ? LIMIT ?[0m  [["id", 1], ["LIMIT", 1]]
  ↳ app/controllers/posts_controller.rb:67
  Rendering posts/edit.html.erb within layouts/application
  Rendered posts/_form.html.erb (8.6ms)
  Rendered posts/edit.html.erb within layouts/application (13.7ms)
Completed 200 OK in 51ms (Views: 45.8ms | ActiveRecord: 0.2ms)


Started PATCH "/posts/1" for 127.0.0.1 at 2018-04-26 03:13:15 -0500
Processing by PostsController#update as HTML
  Parameters: {"utf8"=>"✓", "authenticity_token"=>"EOY02D+99LQjLFOKk7gQ+xzlKY6/we/Sy7o5Mwe6qjtkRMdkI8kkhg/PZkSRJihQSgNC89f4+myTp4Ej4VzFrg==", "post"=>{"title"=>"Cloud Based Widgets", "body"=>"Blah, blah, blah"}, "commit"=>"Update Post", "id"=>"1"}
  [1m[36mPost Load (0.2ms)[0m  [1m[34mSELECT  "posts".* FROM "posts" WHERE "posts"."id" = ? LIMIT ?[0m  [["id", 1], ["LIMIT", 1]]
  ↳ app/controllers/posts_controller.rb:67
  [1m[35m (0.1ms)[0m  [1m[36mbegin transaction[0m
  ↳ app/controllers/posts_controller.rb:44
  [1m[35m (0.1ms)[0m  [1m[31mrollback transaction[0m
  ↳ app/controllers/posts_controller.rb:44
  Rendering posts/edit.html.erb within layouts/application
  Rendered posts/_form.html.erb (2.1ms)
  Rendered posts/edit.html.erb within layouts/application (5.4ms)
Completed 200 OK in 48ms (Views: 36.6ms | ActiveRecord: 0.3ms)


Started GET "/posts" for 127.0.0.1 at 2018-04-26 03:13:16 -0500
Processing by PostsController#index as HTML
  Rendering posts/index.html.erb within layouts/application
  [1m[36mPost Load (0.2ms)[0m  [1m[34mSELECT "posts".* FROM "posts"[0m
  ↳ app/views/posts/index.html.erb:15
  Rendered posts/index.html.erb within layouts/application (2.1ms)
Completed 200 OK in 36ms (Views: 33.4ms | ActiveRecord: 0.2ms)


  [1m[35m (0.1ms)[0m  [1m[34mSELECT "schema_migrations"."version" FROM "schema_migrations" ORDER BY "schema_migrations"."version" ASC[0m
  ↳ /Users/meeeeei/.rvm/gems/ruby-2.5.0/bin/rake:23
  [1m[36mActiveRecord::InternalMetadata Load (0.2ms)[0m  [1m[34mSELECT  "ar_internal_metadata".* FROM "ar_internal_metadata" WHERE "ar_internal_metadata"."key" = ? LIMIT ?[0m  [["key", "environment"], ["LIMIT", 1]]
  ↳ /Users/meeeeei/.rvm/gems/ruby-2.5.0/bin/rake:23
  [1m[35m (0.1ms)[0m  [1m[36mbegin transaction[0m
  ↳ /Users/meeeeei/.rvm/gems/ruby-2.5.0/bin/rake:23
  [1m[35m (0.0ms)[0m  [1m[36mcommit transaction[0m
  ↳ /Users/meeeeei/.rvm/gems/ruby-2.5.0/bin/rake:23
  [1m[35m (0.1ms)[0m  [1m[34mSELECT "schema_migrations"."version" FROM "schema_migrations" ORDER BY "schema_migrations"."version" ASC[0m
  ↳ /Users/meeeeei/.rvm/gems/ruby-2.5.0/bin/rake:23
Started GET "/posts" for 127.0.0.1 at 2018-04-26 03:22:08 -0500
  [1m[35m (0.2ms)[0m  [1m[34mSELECT "schema_migrations"."version" FROM "schema_migrations" ORDER BY "schema_migrations"."version" ASC[0m
  ↳ lib/timer.rb:8
Processing by PostsController#index as HTML
  Rendering posts/index.html.erb within layouts/application
  [1m[36mPost Load (0.2ms)[0m  [1m[34mSELECT "posts".* FROM "posts"[0m
  ↳ app/views/posts/index.html.erb:15
  Rendered posts/index.html.erb within layouts/application (10.5ms)
Completed 200 OK in 301ms (Views: 282.6ms | ActiveRecord: 0.9ms)


Started GET "/posts/new" for 127.0.0.1 at 2018-04-26 03:22:09 -0500
Processing by PostsController#new as HTML
  Rendering posts/new.html.erb within layouts/application
  Rendered posts/_form.html.erb (25.5ms)
  Rendered posts/new.html.erb within layouts/application (29.2ms)
Completed 200 OK in 67ms (Views: 60.7ms | ActiveRecord: 0.0ms)


Started POST "/posts" for 127.0.0.1 at 2018-04-26 03:22:40 -0500
Processing by PostsController#create as HTML
  Parameters: {"utf8"=>"✓", "authenticity_token"=>"qdY2q/yMaSG1gZesUrF8212PG91kkJmoWG+1MMi20yCWuWNNfS2ADahshiATEbIDREaiDYq3mF4WRkOHsAMuiQ==", "post"=>{"title"=>"Widget conference", "body"=>"Yada yada"}, "commit"=>"Create Post"}
  [1m[35m (0.1ms)[0m  [1m[36mbegin transaction[0m
  ↳ app/controllers/posts_controller.rb:30
  [1m[35m (0.1ms)[0m  [1m[31mrollback transaction[0m
  ↳ app/controllers/posts_controller.rb:30
  Rendering posts/new.html.erb within layouts/application
  Rendered posts/_form.html.erb (2.2ms)
  Rendered posts/new.html.erb within layouts/application (5.3ms)
Completed 200 OK in 49ms (Views: 39.3ms | ActiveRecord: 0.2ms)


  [1m[36mPost Load (0.6ms)[0m  [1m[34mSELECT  "posts".* FROM "posts" LIMIT ?[0m  [["LIMIT", 11]]
  [1m[36mPost Load (0.2ms)[0m  [1m[34mSELECT "posts".* FROM "posts"[0m
  [1m[36mComment Load (0.3ms)[0m  [1m[34mSELECT  "comments".* FROM "comments" LIMIT ?[0m  [["LIMIT", 11]]
Started POST "/posts" for 127.0.0.1 at 2018-04-26 03:26:54 -0500
  [1m[35m (0.3ms)[0m  [1m[34mSELECT "schema_migrations"."version" FROM "schema_migrations" ORDER BY "schema_migrations"."version" ASC[0m
  ↳ lib/timer.rb:8
Processing by PostsController#create as HTML
  Parameters: {"utf8"=>"✓", "authenticity_token"=>"MNkqmsMM2NZtF2zfpxg2xZ2tzAA/E363xs9KtOo9X+/EV1ZDdLCfPGxv/TTfsAENbbNrywWx2dr8B4Z5pvyMSA==", "post"=>{"title"=>"", "body"=>"Yada yada"}, "commit"=>"Create Post"}
  [1m[35m (0.1ms)[0m  [1m[36mbegin transaction[0m
  ↳ app/controllers/posts_controller.rb:30
  [1m[35m (0.1ms)[0m  [1m[31mrollback transaction[0m
  ↳ app/controllers/posts_controller.rb:30
  Rendering posts/new.html.erb within layouts/application
  Rendered posts/_form.html.erb (6.4ms)
  Rendered posts/new.html.erb within layouts/application (10.1ms)
Completed 200 OK in 307ms (Views: 272.8ms | ActiveRecord: 0.8ms)


Started GET "/posts" for 127.0.0.1 at 2018-04-26 03:32:10 -0500
Processing by PostsController#index as HTML
  Rendering posts/index.html.erb within layouts/application
  [1m[36mPost Load (0.2ms)[0m  [1m[34mSELECT "posts".* FROM "posts"[0m
  ↳ app/views/posts/index.html.erb:15
  Rendered posts/index.html.erb within layouts/application (23.9ms)
Completed 200 OK in 62ms (Views: 58.1ms | ActiveRecord: 0.2ms)


Started GET "/posts/1" for 127.0.0.1 at 2018-04-26 03:32:12 -0500
Processing by PostsController#show as HTML
  Parameters: {"id"=>"1"}
  [1m[36mPost Load (0.2ms)[0m  [1m[34mSELECT  "posts".* FROM "posts" WHERE "posts"."id" = ? LIMIT ?[0m  [["id", 1], ["LIMIT", 1]]
  ↳ app/controllers/posts_controller.rb:67
  Rendering posts/show.html.erb within layouts/application
  Rendered posts/_post.html.erb (7.3ms)
  Rendered posts/show.html.erb within layouts/application (11.9ms)
Completed 500 Internal Server Error in 29ms (ActiveRecord: 0.2ms)


  
ActionView::Template::Error (The `div_for` method has been removed from Rails. To continue using it, add the `record_tag_helper` gem to your Gemfile:
  gem 'record_tag_helper', '~> 1.0'
Consult the Rails upgrade guide for details.):
    1: <%= div_for @post do %>
    2:     <h2><%= h(@post.title) %></h2>
    3:     <%= simple_format h(@post.body) %>
    4: <% end %>
  
app/views/posts/_post.html.erb:1:in `_app_views_posts__post_html_erb__1208359613959819604_70277087791580'
app/views/posts/show.html.erb:3:in `_app_views_posts_show_html_erb__1277150087838731829_70277059956160'
lib/timer.rb:8:in `call'
Started GET "/posts/1" for 127.0.0.1 at 2018-04-26 03:36:45 -0500
  [1m[35m (0.2ms)[0m  [1m[34mSELECT "schema_migrations"."version" FROM "schema_migrations" ORDER BY "schema_migrations"."version" ASC[0m
  ↳ lib/timer.rb:8
Processing by PostsController#show as HTML
  Parameters: {"id"=>"1"}
  [1m[36mPost Load (0.2ms)[0m  [1m[34mSELECT  "posts".* FROM "posts" WHERE "posts"."id" = ? LIMIT ?[0m  [["id", 1], ["LIMIT", 1]]
  ↳ app/controllers/posts_controller.rb:67
  Rendering posts/show.html.erb within layouts/application
  Rendered posts/_post.html.erb (8.5ms)
  [1m[36mComment Load (0.2ms)[0m  [1m[34mSELECT "comments".* FROM "comments" WHERE "comments"."post_id" = ?[0m  [["post_id", 1]]
  ↳ app/views/posts/show.html.erb:7
  Rendered collection of comments/_comment.html.erb [1 times] (2.8ms)
  Rendered posts/show.html.erb within layouts/application (31.8ms)
Completed 200 OK in 294ms (Views: 266.0ms | ActiveRecord: 1.6ms)


Started GET "/posts/1" for 127.0.0.1 at 2018-04-26 03:42:59 -0500
Processing by PostsController#show as HTML
  Parameters: {"id"=>"1"}
  [1m[36mPost Load (0.2ms)[0m  [1m[34mSELECT  "posts".* FROM "posts" WHERE "posts"."id" = ? LIMIT ?[0m  [["id", 1], ["LIMIT", 1]]
  ↳ app/controllers/posts_controller.rb:67
  Rendering posts/show.html.erb within layouts/application
  Rendered posts/_post.html.erb (1.7ms)
  [1m[36mComment Load (0.2ms)[0m  [1m[34mSELECT "comments".* FROM "comments" WHERE "comments"."post_id" = ?[0m  [["post_id", 1]]
  ↳ app/views/posts/show.html.erb:7
  Rendered collection of comments/_comment.html.erb [1 times] (0.9ms)
  Rendered posts/show.html.erb within layouts/application (190.7ms)
Completed 500 Internal Server Error in 202ms (ActiveRecord: 0.4ms)


  
ActionView::Template::Error (undefined method `post_comments_path' for #<#<Class:0x00007ffa909e78b0>:0x00007ffa943e5418>
Did you mean?  posts_path):
     7:     <%= render @post.comments.reverse %>
     8: </div>
     9: 
    10: <% form_for [@post, Comment.new], remote: true do |f| %>
    11:     <p>
    12:         <%= f.label :body, "New Comment" %> <br />
    13:         <%= f.text_area :body %>
  
app/views/posts/show.html.erb:10:in `_app_views_posts_show_html_erb___2650865827334593821_70357102833320'
lib/timer.rb:8:in `call'
Started GET "/posts/1" for 127.0.0.1 at 2018-04-26 03:43:41 -0500
Processing by PostsController#show as HTML
  Parameters: {"id"=>"1"}
  [1m[36mPost Load (0.2ms)[0m  [1m[34mSELECT  "posts".* FROM "posts" WHERE "posts"."id" = ? LIMIT ?[0m  [["id", 1], ["LIMIT", 1]]
  ↳ app/controllers/posts_controller.rb:67
  Rendering posts/show.html.erb within layouts/application
  Rendered posts/_post.html.erb (1.0ms)
  [1m[36mComment Load (0.3ms)[0m  [1m[34mSELECT "comments".* FROM "comments" WHERE "comments"."post_id" = ?[0m  [["post_id", 1]]
  ↳ app/views/posts/show.html.erb:7
  Rendered collection of comments/_comment.html.erb [1 times] (1.1ms)
  Rendered posts/show.html.erb within layouts/application (171.2ms)
Completed 500 Internal Server Error in 182ms (ActiveRecord: 0.4ms)


  
ActionView::Template::Error (undefined method `post_comments_path' for #<#<Class:0x00007ffa909e78b0>:0x00007ffa8fdd7d68>
Did you mean?  posts_path):
     7:     <%= render @post.comments.reverse %>
     8: </div>
     9: 
    10: <% form_for [@post, Comment.new], remote: true do |f| %>
    11:     <p>
    12:         <%= f.label :body, "New Comment" %> <br />
    13:         <%= f.text_area :body %>
  
app/views/posts/show.html.erb:10:in `_app_views_posts_show_html_erb___2650865827334593821_70357102323860'
lib/timer.rb:8:in `call'
Started GET "/posts/1" for 127.0.0.1 at 2018-04-26 03:47:29 -0500
Processing by PostsController#show as HTML
  Parameters: {"id"=>"1"}
  [1m[36mPost Load (0.1ms)[0m  [1m[34mSELECT  "posts".* FROM "posts" WHERE "posts"."id" = ? LIMIT ?[0m  [["id", 1], ["LIMIT", 1]]
  ↳ app/controllers/posts_controller.rb:67
  Rendering posts/show.html.erb within layouts/application
  Rendered posts/_post.html.erb (1.1ms)
  [1m[36mComment Load (0.2ms)[0m  [1m[34mSELECT "comments".* FROM "comments" WHERE "comments"."post_id" = ?[0m  [["post_id", 1]]
  ↳ app/views/posts/show.html.erb:7
  Rendered collection of comments/_comment.html.erb [1 times] (1.1ms)
  Rendered posts/show.html.erb within layouts/application (28.3ms)
Completed 200 OK in 80ms (Views: 63.7ms | ActiveRecord: 1.6ms)


Started GET "/posts/1" for 127.0.0.1 at 2018-04-26 03:47:49 -0500
  [1m[35m (0.2ms)[0m  [1m[34mSELECT "schema_migrations"."version" FROM "schema_migrations" ORDER BY "schema_migrations"."version" ASC[0m
  ↳ lib/timer.rb:8
Processing by PostsController#show as HTML
  Parameters: {"id"=>"1"}
  [1m[36mPost Load (0.2ms)[0m  [1m[34mSELECT  "posts".* FROM "posts" WHERE "posts"."id" = ? LIMIT ?[0m  [["id", 1], ["LIMIT", 1]]
  ↳ app/controllers/posts_controller.rb:67
  Rendering posts/show.html.erb within layouts/application
  Rendered posts/_post.html.erb (1.6ms)
  [1m[36mComment Load (0.2ms)[0m  [1m[34mSELECT "comments".* FROM "comments" WHERE "comments"."post_id" = ?[0m  [["post_id", 1]]
  ↳ app/views/posts/show.html.erb:7
  Rendered collection of comments/_comment.html.erb [1 times] (2.6ms)
  Rendered posts/show.html.erb within layouts/application (32.5ms)
Completed 200 OK in 483ms (Views: 456.0ms | ActiveRecord: 1.7ms)


Started GET "/posts/1" for 127.0.0.1 at 2018-04-26 03:47:52 -0500
Processing by PostsController#show as HTML
  Parameters: {"id"=>"1"}
  [1m[36mPost Load (0.2ms)[0m  [1m[34mSELECT  "posts".* FROM "posts" WHERE "posts"."id" = ? LIMIT ?[0m  [["id", 1], ["LIMIT", 1]]
  ↳ app/controllers/posts_controller.rb:67
  Rendering posts/show.html.erb within layouts/application
  Rendered posts/_post.html.erb (1.0ms)
  [1m[36mComment Load (0.2ms)[0m  [1m[34mSELECT "comments".* FROM "comments" WHERE "comments"."post_id" = ?[0m  [["post_id", 1]]
  ↳ app/views/posts/show.html.erb:7
  Rendered collection of comments/_comment.html.erb [1 times] (0.8ms)
  Rendered posts/show.html.erb within layouts/application (8.5ms)
Completed 200 OK in 45ms (Views: 40.2ms | ActiveRecord: 0.4ms)


Started GET "/posts" for 127.0.0.1 at 2018-04-26 03:47:55 -0500
Processing by PostsController#index as HTML
  Rendering posts/index.html.erb within layouts/application
  [1m[36mPost Load (0.2ms)[0m  [1m[34mSELECT "posts".* FROM "posts"[0m
  ↳ app/views/posts/index.html.erb:15
  Rendered posts/index.html.erb within layouts/application (2.9ms)
Completed 200 OK in 42ms (Views: 38.4ms | ActiveRecord: 0.2ms)


Started GET "/posts/1" for 127.0.0.1 at 2018-04-26 03:47:57 -0500
Processing by PostsController#show as HTML
  Parameters: {"id"=>"1"}
  [1m[36mPost Load (0.2ms)[0m  [1m[34mSELECT  "posts".* FROM "posts" WHERE "posts"."id" = ? LIMIT ?[0m  [["id", 1], ["LIMIT", 1]]
  ↳ app/controllers/posts_controller.rb:67
  Rendering posts/show.html.erb within layouts/application
  Rendered posts/_post.html.erb (1.5ms)
  [1m[36mComment Load (0.2ms)[0m  [1m[34mSELECT "comments".* FROM "comments" WHERE "comments"."post_id" = ?[0m  [["post_id", 1]]
  ↳ app/views/posts/show.html.erb:7
  Rendered collection of comments/_comment.html.erb [1 times] (3.1ms)
  Rendered posts/show.html.erb within layouts/application (20.1ms)
Completed 200 OK in 62ms (Views: 57.2ms | ActiveRecord: 0.5ms)


Started GET "/" for 127.0.0.1 at 2018-04-26 03:48:18 -0500
Processing by Rails::WelcomeController#index as HTML
  Rendering /Users/meeeeei/.rvm/gems/ruby-2.5.0/gems/railties-5.2.0/lib/rails/templates/rails/welcome/index.html.erb
  Rendered /Users/meeeeei/.rvm/gems/ruby-2.5.0/gems/railties-5.2.0/lib/rails/templates/rails/welcome/index.html.erb (3.2ms)
Completed 200 OK in 13ms (Views: 8.3ms | ActiveRecord: 0.0ms)


Started GET "/posts" for 127.0.0.1 at 2018-04-26 03:48:28 -0500
Processing by PostsController#index as HTML
  Rendering posts/index.html.erb within layouts/application
  [1m[36mPost Load (0.3ms)[0m  [1m[34mSELECT "posts".* FROM "posts"[0m
  ↳ app/views/posts/index.html.erb:15
  Rendered posts/index.html.erb within layouts/application (1.7ms)
Completed 200 OK in 31ms (Views: 26.7ms | ActiveRecord: 0.3ms)


Started GET "/posts/1" for 127.0.0.1 at 2018-04-26 03:48:30 -0500
Processing by PostsController#show as HTML
  Parameters: {"id"=>"1"}
  [1m[36mPost Load (0.2ms)[0m  [1m[34mSELECT  "posts".* FROM "posts" WHERE "posts"."id" = ? LIMIT ?[0m  [["id", 1], ["LIMIT", 1]]
  ↳ app/controllers/posts_controller.rb:67
  Rendering posts/show.html.erb within layouts/application
  Rendered posts/_post.html.erb (1.6ms)
  [1m[36mComment Load (0.2ms)[0m  [1m[34mSELECT "comments".* FROM "comments" WHERE "comments"."post_id" = ?[0m  [["post_id", 1]]
  ↳ app/views/posts/show.html.erb:7
  Rendered collection of comments/_comment.html.erb [1 times] (1.0ms)
  Rendered posts/show.html.erb within layouts/application (12.3ms)
Completed 200 OK in 49ms (Views: 44.8ms | ActiveRecord: 0.4ms)


Started GET "/posts" for 127.0.0.1 at 2018-04-26 03:48:32 -0500
Processing by PostsController#index as HTML
  Rendering posts/index.html.erb within layouts/application
  [1m[36mPost Load (0.4ms)[0m  [1m[34mSELECT "posts".* FROM "posts"[0m
  ↳ app/views/posts/index.html.erb:15
  Rendered posts/index.html.erb within layouts/application (7.1ms)
Completed 200 OK in 64ms (Views: 59.2ms | ActiveRecord: 0.4ms)


Started GET "/posts" for 127.0.0.1 at 2018-04-26 03:50:43 -0500
  [1m[35m (0.2ms)[0m  [1m[34mSELECT "schema_migrations"."version" FROM "schema_migrations" ORDER BY "schema_migrations"."version" ASC[0m
  ↳ lib/timer.rb:8
Processing by PostsController#index as HTML
  Rendering posts/index.html.erb within layouts/application
  [1m[36mPost Load (0.2ms)[0m  [1m[34mSELECT "posts".* FROM "posts"[0m
  ↳ app/views/posts/index.html.erb:15
  Rendered posts/index.html.erb within layouts/application (15.3ms)
Completed 200 OK in 298ms (Views: 276.4ms | ActiveRecord: 1.3ms)


Started GET "/posts/1" for 127.0.0.1 at 2018-04-26 03:50:45 -0500
Processing by PostsController#show as HTML
  Parameters: {"id"=>"1"}
  [1m[36mPost Load (0.2ms)[0m  [1m[34mSELECT  "posts".* FROM "posts" WHERE "posts"."id" = ? LIMIT ?[0m  [["id", 1], ["LIMIT", 1]]
  ↳ app/controllers/posts_controller.rb:67
  Rendering posts/show.html.erb within layouts/application
  Rendered posts/_post.html.erb (1.8ms)
  [1m[36mComment Load (0.2ms)[0m  [1m[34mSELECT "comments".* FROM "comments" WHERE "comments"."post_id" = ?[0m  [["post_id", 1]]
  ↳ app/views/posts/show.html.erb:7
  Rendered collection of comments/_comment.html.erb [1 times] (2.2ms)
  Rendered posts/show.html.erb within layouts/application (51.9ms)
Completed 200 OK in 88ms (Views: 80.4ms | ActiveRecord: 1.6ms)


Started GET "/posts/1" for 127.0.0.1 at 2018-04-26 03:51:43 -0500
Processing by PostsController#show as HTML
  Parameters: {"id"=>"1"}
  [1m[36mPost Load (0.2ms)[0m  [1m[34mSELECT  "posts".* FROM "posts" WHERE "posts"."id" = ? LIMIT ?[0m  [["id", 1], ["LIMIT", 1]]
  ↳ app/controllers/posts_controller.rb:67
  Rendering posts/show.html.erb within layouts/application
  Rendered posts/_post.html.erb (0.7ms)
  [1m[36mComment Load (0.1ms)[0m  [1m[34mSELECT "comments".* FROM "comments" WHERE "comments"."post_id" = ?[0m  [["post_id", 1]]
  ↳ app/views/posts/show.html.erb:7
  Rendered collection of comments/_comment.html.erb [1 times] (1.0ms)
  Rendered posts/show.html.erb within layouts/application (9.8ms)
Completed 200 OK in 42ms (Views: 38.2ms | ActiveRecord: 0.3ms)


Started GET "/posts/1" for 127.0.0.1 at 2018-04-26 03:56:02 -0500
Processing by PostsController#show as HTML
  Parameters: {"id"=>"1"}
  [1m[36mPost Load (0.1ms)[0m  [1m[34mSELECT  "posts".* FROM "posts" WHERE "posts"."id" = ? LIMIT ?[0m  [["id", 1], ["LIMIT", 1]]
  ↳ app/controllers/posts_controller.rb:67
  Rendering posts/show.html.erb within layouts/application
  Rendered posts/_post.html.erb (1.4ms)
  [1m[36mComment Load (0.2ms)[0m  [1m[34mSELECT "comments".* FROM "comments" WHERE "comments"."post_id" = ?[0m  [["post_id", 1]]
  ↳ app/views/posts/show.html.erb:7
  Rendered collection of comments/_comment.html.erb [1 times] (1.3ms)
  Rendered posts/show.html.erb within layouts/application (22.9ms)
Completed 200 OK in 66ms (Views: 51.2ms | ActiveRecord: 1.8ms)


Started GET "/posts" for 127.0.0.1 at 2018-04-26 03:56:05 -0500
Processing by PostsController#index as HTML
  Rendering posts/index.html.erb within layouts/application
  [1m[36mPost Load (0.4ms)[0m  [1m[34mSELECT "posts".* FROM "posts"[0m
  ↳ app/views/posts/index.html.erb:15
  Rendered posts/index.html.erb within layouts/application (2.7ms)
Completed 200 OK in 52ms (Views: 46.2ms | ActiveRecord: 0.4ms)


Started GET "/posts/1" for 127.0.0.1 at 2018-04-26 03:56:06 -0500
Processing by PostsController#show as HTML
  Parameters: {"id"=>"1"}
  [1m[36mPost Load (0.2ms)[0m  [1m[34mSELECT  "posts".* FROM "posts" WHERE "posts"."id" = ? LIMIT ?[0m  [["id", 1], ["LIMIT", 1]]
  ↳ app/controllers/posts_controller.rb:67
  Rendering posts/show.html.erb within layouts/application
  Rendered posts/_post.html.erb (1.4ms)
  [1m[36mComment Load (0.3ms)[0m  [1m[34mSELECT "comments".* FROM "comments" WHERE "comments"."post_id" = ?[0m  [["post_id", 1]]
  ↳ app/views/posts/show.html.erb:7
  Rendered collection of comments/_comment.html.erb [1 times] (1.2ms)
  Rendered posts/show.html.erb within layouts/application (15.0ms)
Completed 200 OK in 62ms (Views: 54.9ms | ActiveRecord: 0.5ms)


Started POST "/posts/1/comments" for 127.0.0.1 at 2018-04-26 03:56:38 -0500
Processing by CommentsController#create as JS
  Parameters: {"utf8"=>"✓", "comment"=>{"body"=>"Wadu hek?"}, "commit"=>"Add Comment", "post_id"=>"1"}
  [1m[35m (0.1ms)[0m  [1m[36mbegin transaction[0m
  ↳ app/controllers/comments_controller.rb:30
  [1m[35m (0.0ms)[0m  [1m[31mrollback transaction[0m
  ↳ app/controllers/comments_controller.rb:30
  Rendering comments/new.html.erb within layouts/application
  Rendered comments/_form.html.erb (3.0ms)
  Rendered comments/new.html.erb within layouts/application (6.0ms)
Completed 200 OK in 41ms (Views: 33.5ms | ActiveRecord: 0.1ms)


Started POST "/posts/1/comments" for 127.0.0.1 at 2018-04-26 03:56:41 -0500
Processing by CommentsController#create as JS
  Parameters: {"utf8"=>"✓", "comment"=>{"body"=>"Wadu hek?"}, "commit"=>"Add Comment", "post_id"=>"1"}
  [1m[35m (0.1ms)[0m  [1m[36mbegin transaction[0m
  ↳ app/controllers/comments_controller.rb:30
  [1m[35m (0.1ms)[0m  [1m[31mrollback transaction[0m
  ↳ app/controllers/comments_controller.rb:30
  Rendering comments/new.html.erb within layouts/application
  Rendered comments/_form.html.erb (3.0ms)
  Rendered comments/new.html.erb within layouts/application (5.9ms)
Completed 200 OK in 41ms (Views: 37.2ms | ActiveRecord: 0.2ms)


Started GET "/posts/1" for 127.0.0.1 at 2018-04-26 03:56:42 -0500
Processing by PostsController#show as HTML
  Parameters: {"id"=>"1"}
  [1m[36mPost Load (0.1ms)[0m  [1m[34mSELECT  "posts".* FROM "posts" WHERE "posts"."id" = ? LIMIT ?[0m  [["id", 1], ["LIMIT", 1]]
  ↳ app/controllers/posts_controller.rb:67
  Rendering posts/show.html.erb within layouts/application
  Rendered posts/_post.html.erb (1.1ms)
  [1m[36mComment Load (0.2ms)[0m  [1m[34mSELECT "comments".* FROM "comments" WHERE "comments"."post_id" = ?[0m  [["post_id", 1]]
  ↳ app/views/posts/show.html.erb:7
  Rendered collection of comments/_comment.html.erb [1 times] (0.9ms)
  Rendered posts/show.html.erb within layouts/application (9.9ms)
Completed 200 OK in 42ms (Views: 38.7ms | ActiveRecord: 0.3ms)


Started GET "/posts/1" for 127.0.0.1 at 2018-04-26 03:56:44 -0500
Processing by PostsController#show as HTML
  Parameters: {"id"=>"1"}
  [1m[36mPost Load (0.1ms)[0m  [1m[34mSELECT  "posts".* FROM "posts" WHERE "posts"."id" = ? LIMIT ?[0m  [["id", 1], ["LIMIT", 1]]
  ↳ app/controllers/posts_controller.rb:67
  Rendering posts/show.html.erb within layouts/application
  Rendered posts/_post.html.erb (1.0ms)
  [1m[36mComment Load (0.1ms)[0m  [1m[34mSELECT "comments".* FROM "comments" WHERE "comments"."post_id" = ?[0m  [["post_id", 1]]
  ↳ app/views/posts/show.html.erb:7
  Rendered collection of comments/_comment.html.erb [1 times] (11.2ms)
  Rendered posts/show.html.erb within layouts/application (19.8ms)
Completed 200 OK in 54ms (Views: 49.8ms | ActiveRecord: 0.3ms)


Started POST "/posts/1/comments" for 127.0.0.1 at 2018-04-26 03:56:44 -0500
Processing by CommentsController#create as JS
  Parameters: {"utf8"=>"✓", "comment"=>{"body"=>""}, "commit"=>"Add Comment", "post_id"=>"1"}
  [1m[35m (0.1ms)[0m  [1m[36mbegin transaction[0m
  ↳ app/controllers/comments_controller.rb:30
  [1m[35m (0.0ms)[0m  [1m[31mrollback transaction[0m
  ↳ app/controllers/comments_controller.rb:30
  Rendering comments/new.html.erb within layouts/application
  Rendered comments/_form.html.erb (3.1ms)
  Rendered comments/new.html.erb within layouts/application (5.9ms)
Completed 200 OK in 38ms (Views: 34.5ms | ActiveRecord: 0.1ms)


Started POST "/posts/1/comments" for 127.0.0.1 at 2018-04-26 03:57:31 -0500
Processing by CommentsController#create as JS
  Parameters: {"utf8"=>"✓", "comment"=>{"body"=>"Wadu hek?"}, "commit"=>"Add Comment", "post_id"=>"1"}
  [1m[35m (0.1ms)[0m  [1m[36mbegin transaction[0m
  ↳ app/controllers/comments_controller.rb:30
  [1m[35m (0.1ms)[0m  [1m[31mrollback transaction[0m
  ↳ app/controllers/comments_controller.rb:30
  Rendering comments/new.html.erb within layouts/application
  Rendered comments/_form.html.erb (2.8ms)
  Rendered comments/new.html.erb within layouts/application (5.4ms)
Completed 200 OK in 38ms (Views: 34.5ms | ActiveRecord: 0.2ms)


Started GET "/posts/1" for 127.0.0.1 at 2018-04-26 03:57:33 -0500
Processing by PostsController#show as HTML
  Parameters: {"id"=>"1"}
  [1m[36mPost Load (0.2ms)[0m  [1m[34mSELECT  "posts".* FROM "posts" WHERE "posts"."id" = ? LIMIT ?[0m  [["id", 1], ["LIMIT", 1]]
  ↳ app/controllers/posts_controller.rb:67
  Rendering posts/show.html.erb within layouts/application
  Rendered posts/_post.html.erb (0.9ms)
  [1m[36mComment Load (0.1ms)[0m  [1m[34mSELECT "comments".* FROM "comments" WHERE "comments"."post_id" = ?[0m  [["post_id", 1]]
  ↳ app/views/posts/show.html.erb:7
  Rendered collection of comments/_comment.html.erb [1 times] (0.8ms)
  Rendered posts/show.html.erb within layouts/application (8.3ms)
Completed 200 OK in 43ms (Views: 39.3ms | ActiveRecord: 0.3ms)


Started GET "/posts" for 127.0.0.1 at 2018-04-26 03:57:35 -0500
Processing by PostsController#index as HTML
  Rendering posts/index.html.erb within layouts/application
  [1m[36mPost Load (0.2ms)[0m  [1m[34mSELECT "posts".* FROM "posts"[0m
  ↳ app/views/posts/index.html.erb:15
  Rendered posts/index.html.erb within layouts/application (2.7ms)
Completed 200 OK in 43ms (Views: 38.4ms | ActiveRecord: 0.2ms)


Started GET "/comments" for 127.0.0.1 at 2018-04-26 03:57:41 -0500
Processing by CommentsController#index as HTML
  Rendering comments/index.html.erb within layouts/application
  [1m[36mComment Load (0.5ms)[0m  [1m[34mSELECT "comments".* FROM "comments"[0m
  ↳ app/views/comments/index.html.erb:15
  [1m[36mPost Load (0.1ms)[0m  [1m[34mSELECT  "posts".* FROM "posts" WHERE "posts"."id" = ? LIMIT ?[0m  [["id", 1], ["LIMIT", 1]]
  ↳ app/views/comments/index.html.erb:17
  Rendered comments/index.html.erb within layouts/application (4.2ms)
Completed 200 OK in 37ms (Views: 34.0ms | ActiveRecord: 0.6ms)


Started GET "/comments/new" for 127.0.0.1 at 2018-04-26 03:57:44 -0500
Processing by CommentsController#new as HTML
  Rendering comments/new.html.erb within layouts/application
  Rendered comments/_form.html.erb (3.2ms)
  Rendered comments/new.html.erb within layouts/application (7.9ms)
Completed 200 OK in 50ms (Views: 45.9ms | ActiveRecord: 0.0ms)


Started POST "/comments" for 127.0.0.1 at 2018-04-26 03:57:51 -0500
Processing by CommentsController#create as HTML
  Parameters: {"utf8"=>"✓", "authenticity_token"=>"ivtS+yyYSud4XtIPjJyvrMsG/94IHWTruLD+wfycwoUAVsDQcZAfflYnCpcLBcnWEMPMsZG2L8EXIZ0FWvuDmA==", "comment"=>{"post_id"=>"1", "body"=>"Wadu hek?"}, "commit"=>"Create Comment"}
  [1m[35m (0.1ms)[0m  [1m[36mbegin transaction[0m
  ↳ app/controllers/comments_controller.rb:30
  [1m[36mPost Load (0.2ms)[0m  [1m[34mSELECT  "posts".* FROM "posts" WHERE "posts"."id" = ? LIMIT ?[0m  [["id", 1], ["LIMIT", 1]]
  ↳ app/controllers/comments_controller.rb:30
  [1m[35m (0.1ms)[0m  [1m[31mrollback transaction[0m
  ↳ app/controllers/comments_controller.rb:30
  Rendering comments/new.html.erb within layouts/application
  Rendered comments/_form.html.erb (3.6ms)
  Rendered comments/new.html.erb within layouts/application (7.9ms)
Completed 200 OK in 44ms (Views: 38.5ms | ActiveRecord: 0.4ms)


